<?xml version="1.0" encoding="UTF-8"?>
<!-- Generated by org.testng.reporters.JUnitReportReporter -->
<testsuite hostname="LAPTOP-8112L095" failures="0" tests="1" name="day3.logDemo" time="1.309" errors="0" timestamp="2025-02-06T10:44:30 IST" skipped="0">
  <testcase classname="day3.logDemo" name="testLogs" time="1.309"/>
</testsuite> <!-- day3.logDemo -->
