<?xml version="1.0" encoding="UTF-8"?>
<!-- Generated by org.testng.reporters.JUnitReportReporter -->
<testsuite hostname="LAPTOP-8112L095" failures="0" tests="1" name="day6.JsonSchemaValidation" time="1.456" errors="0" timestamp="2025-02-07T10:22:41 IST" skipped="0">
  <testcase classname="day6.JsonSchemaValidation" name="jsonschemavalidation" time="1.456"/>
</testsuite> <!-- day6.JsonSchemaValidation -->
