<?xml version="1.0" encoding="UTF-8"?>
<!-- Generated by org.testng.reporters.JUnitReportReporter -->
<testsuite hostname="LAPTOP-8112L095" failures="0" tests="4" name="day7.Authentications" time="6.937" errors="0" timestamp="2025-02-08T01:07:00 IST" skipped="0">
  <testcase classname="day7.Authentications" name="testBasicAuthentications" time="3.347"/>
  <testcase classname="day7.Authentications" name="testDigestAuthentications" time="1.895"/>
  <testcase classname="day7.Authentications" name="testPreemptiveAuthentications" time="1.194"/>
  <testcase classname="day7.Authentications" name="bearerTokenAuthentications" time="0.501"/>
</testsuite> <!-- day7.Authentications -->
