<?xml version="1.0" encoding="UTF-8"?>
<!-- Generated by org.testng.reporters.JUnitReportReporter -->
<testsuite hostname="LAPTOP-8112L095" failures="0" tests="2" name="day2.DiffWaysToCreatePostRequestBody" time="1.407" errors="0" timestamp="2025-02-06T01:40:07 IST" skipped="0">
  <testcase classname="day2.DiffWaysToCreatePostRequestBody" name="testPostUsingExternalJsonFile" time="1.379"/>
  <testcase classname="day2.DiffWaysToCreatePostRequestBody" name="testDelete" time="0.028"/>
</testsuite> <!-- day2.DiffWaysToCreatePostRequestBody -->
