<?xml version="1.0" encoding="UTF-8"?>
<!-- Generated by org.testng.reporters.JUnitReportReporter -->
<testsuite hostname="LAPTOP-8112L095" failures="0" tests="2" name="day6.SerializationandDeSerialization" time="0.182" errors="0" timestamp="2025-02-07T23:26:00 IST" skipped="0">
  <testcase classname="day6.SerializationandDeSerialization" name="convertPojo2Json" time="0.012"/>
  <testcase classname="day6.SerializationandDeSerialization" name="convertJson2Pojo" time="0.170"/>
</testsuite> <!-- day6.SerializationandDeSerialization -->
