<?xml version="1.0" encoding="UTF-8"?>
<!-- Generated by org.testng.reporters.JUnitReportReporter -->
<testsuite hostname="LAPTOP-8112L095" failures="0" tests="1" name="day7.FakerDataGenerator" time="0.131" errors="0" timestamp="2025-02-08T22:01:48 IST" skipped="0">
  <testcase classname="day7.FakerDataGenerator" name="testGenerateDummyData" time="0.131"/>
</testsuite> <!-- day7.FakerDataGenerator -->
