<?xml version="1.0" encoding="UTF-8"?>
<!-- Generated by org.testng.reporters.JUnitReportReporter -->
<testsuite hostname="LAPTOP-8112L095" failures="0" tests="4" name="day1.HTTPRequest" time="3.371" errors="0" timestamp="2025-02-05T23:11:55 IST" skipped="0">
  <testcase classname="day1.HTTPRequest" name="getUser" time="1.677"/>
  <testcase classname="day1.HTTPRequest" name="createUser" time="0.738"/>
  <testcase classname="day1.HTTPRequest" name="updateUser" time="0.485"/>
  <testcase classname="day1.HTTPRequest" name="deleteUser" time="0.471"/>
</testsuite> <!-- day1.HTTPRequest -->
