<?xml version="1.0" encoding="UTF-8"?>
<!-- Generated by org.testng.reporters.JUnitReportReporter -->
<testsuite hostname="LAPTOP-8112L095" failures="0" tests="3" name="day5.UploadDownloadFiles" time="1.944" errors="0" timestamp="2025-02-07T09:17:20 IST" skipped="0">
  <testcase classname="day5.UploadDownloadFiles" name="singleFileUpload" time="1.842"/>
  <testcase classname="day5.UploadDownloadFiles" name="multipleFileUpload" time="0.067"/>
  <testcase classname="day5.UploadDownloadFiles" name="fileDownload" time="0.035"/>
</testsuite> <!-- day5.UploadDownloadFiles -->
