<?xml version="1.0" encoding="UTF-8"?>
<!-- Generated by org.testng.reporters.JUnitReportReporter -->
<testsuite hostname="LAPTOP-8112L095" failures="0" tests="2" name="day3.HeadersDemo" time="3.186" errors="0" timestamp="2025-02-06T10:38:56 IST" skipped="0">
  <testcase classname="day3.HeadersDemo" name="testHeaders" time="2.326"/>
  <testcase classname="day3.HeadersDemo" name="getHeaders" time="0.860"/>
</testsuite> <!-- day3.HeadersDemo -->
