<?xml version="1.0" encoding="UTF-8"?>
<!-- Generated by org.testng.reporters.JUnitReportReporter -->
<testsuite hostname="LAPTOP-8112L095" failures="0" tests="1" name="day4.ParsingJSONResponse" time="1.505" errors="0" timestamp="2025-02-06T23:22:43 IST" skipped="0">
  <testcase classname="day4.ParsingJSONResponse" name="testJsonResponseBodyData" time="1.505"/>
</testsuite> <!-- day4.ParsingJSONResponse -->
