<?xml version="1.0" encoding="UTF-8"?>
<!-- Generated by org.testng.reporters.JUnitReportReporter -->
<testsuite hostname="LAPTOP-8112L095" failures="0" tests="1" name="day3.CookiesDemo" time="1.857" errors="0" timestamp="2025-02-06T10:08:49 IST" skipped="0">
  <testcase classname="day3.CookiesDemo" name="getCookiesInfo" time="1.857"/>
</testsuite> <!-- day3.CookiesDemo -->
