<?xml version="1.0" encoding="UTF-8"?>
<!-- Generated by org.testng.reporters.JUnitReportReporter -->
<testsuite hostname="LAPTOP-8112L095" failures="0" tests="1" name="day3.PathAndQueryParameters" time="1.691" errors="0" timestamp="2025-02-06T09:16:54 IST" skipped="0">
  <testcase classname="day3.PathAndQueryParameters" name="testQueryAndPathParameters" time="1.691"/>
</testsuite> <!-- day3.PathAndQueryParameters -->
